JUnit version 4.13.2
...E
There was 1 failure:
1) testerE12_DeuxPoints(CercleTest)
java.lang.AssertionError: erreur centre x expected:<2.0> but was:<0.0>
	at org.junit.Assert.fail(Assert.java:89)
	at org.junit.Assert.failNotEquals(Assert.java:835)
	at org.junit.Assert.assertEquals(Assert.java:555)
	at CercleTest.testerE12_DeuxPoints(CercleTest.java:13)

FAILURES!!!
Tests run: 3,  Failures: 1

