JUnit version 4.13.2
.E..E
There were 2 failures:
1) testerE13_DeuxPointsCouleur(CercleTest)
java.lang.AssertionError: expected:<1.0> but was:<2.0>
	at org.junit.Assert.fail(Assert.java:89)
	at org.junit.Assert.failNotEquals(Assert.java:835)
	at org.junit.Assert.assertEquals(Assert.java:555)
	at org.junit.Assert.assertEquals(Assert.java:685)
	at CercleTest.testerE13_DeuxPointsCouleur(CercleTest.java:22)
2) testerE12_DeuxPoints(CercleTest)
java.lang.AssertionError: erreur du rayon expected:<2.0> but was:<4.0>
	at org.junit.Assert.fail(Assert.java:89)
	at org.junit.Assert.failNotEquals(Assert.java:835)
	at org.junit.Assert.assertEquals(Assert.java:555)
	at CercleTest.testerE12_DeuxPoints(CercleTest.java:12)

FAILURES!!!
Tests run: 3,  Failures: 2

