JUnit version 4.13.2
..E.
There was 1 failure:
1) testerE14_CreerCercle(CercleTest)
java.lang.AssertionError: expected:<java.awt.Color[r=0,g=0,b=255]> but was:<java.awt.Color[r=255,g=0,b=0]>
	at org.junit.Assert.fail(Assert.java:89)
	at org.junit.Assert.failNotEquals(Assert.java:835)
	at org.junit.Assert.assertEquals(Assert.java:120)
	at org.junit.Assert.assertEquals(Assert.java:146)
	at CercleTest.testerE14_CreerCercle(CercleTest.java:33)

FAILURES!!!
Tests run: 3,  Failures: 1

